The HCMV genome (EF999921) has 168 CDS.

target_id	test_stat	pval	qval
ABV71604.1	14.8058411981326	0.000119165822532827	0.011709655095944
ABV71622.1	14.4989808613046	0.000140235390370586	0.011709655095944
ABV71560.1	13.0094855846134	0.000309917067310461	0.0154298299168198
ABV71652.1	12.6800546681837	0.000369576764474726	0.0154298299168198
ABV71626.1	11.81327694756	0.000588098324890907	0.0172288429393279
ABV71651.1	11.4693832218598	0.000707521580636357	0.0172288429393279
ABV71646.1	11.4313111444213	0.000722167069313146	0.0172288429393279
ABV71649.1	11.1497507934697	0.000840429625634106	0.017543968435112
ABV71561.1	10.4406449553709	0.0012327221795746	0.0228738448876621
ABV71595.1	10.0085965786691	0.00155811209848097	0.0260204720446322
ABV71519.1	8.64357524364806	0.00328216706663308	0.0440894851157912
ABV71596.1	8.57115145555941	0.00341531095431817	0.0440894851157912
ABV71506.1	8.40172377108085	0.00374865375680821	0.0440894851157912
ABV71607.1	8.35147589284853	0.00385374172732644	0.0440894851157912
ABV71635.1	8.30200502085964	0.00396013339363394	0.0440894851157912
ABV71507.1	7.96945406908004	0.00475732844864216	0.0496546156827026

Donor 1 (2dpi) had 2259287 read pairs before Bowtie2 filtering and 1744101 read pairs after.
Donor 1 (6dpi) had 2004530 read pairs before Bowtie2 filtering and 1488833 read pairs after.
Donor 3 (2dpi) had 2730258 read pairs before Bowtie2 filtering and 2382996 read pairs after.
Donor 3 (6dpi) had 2476889 read pairs before Bowtie2 filtering and 1500834 read pairs after.

Spades command used for assembly: spades -k 55,77,99,127 -t 2 --only-assembler --pe1-1 SRR5660030.1_mapped_1.fq --pe1-2 SRR5660030.1_mapped_2.fq --pe2-1 SRR5660033.1_mapped_1.fq --pe2-2 SRR5660033.1_mapped_2.fq --pe3-1 SRR5660044.1_mapped_1.fq --pe3-2 SRR5660044.1_mapped_2.fq --pe4-1 SRR5660045.1_mapped_1.fq --pe4-2 SRR5660045.1_mapped_2.fq -o transcriptome_assembly/

There are 54 contigs > 1000 bp in the assembly.
There are 195620 bp in the assembly.

sacc	pident	length	qstart	qend	sstart	send	bitscore	evalue	stitle	
NC_006273.2	99.434	15900	1	15888	138721	122822	28853	0.0	NC_006273.2 Human herpesvirus 5 strain Merlin, complete genome
NC_003521.1	83.327	2831	8751	11576	130007	127219	2569	0.0	NC_003521.1 Panine herpesvirus 2 strain Heberling, complete genome
NC_003521.1	82.562	1858	3813	5644	135403	133566	1594	0.0	NC_003521.1 Panine herpesvirus 2 strain Heberling, complete genome
NC_003521.1	84.719	1564	11676	13235	127071	125512	1557	0.0	NC_003521.1 Panine herpesvirus 2 strain Heberling, complete genome
NC_003521.1	84.833	1167	6385	7542	132561	131401	1160	0.0	NC_003521.1 Panine herpesvirus 2 strain Heberling, complete genome
NC_003521.1	85.942	1003	13386	14383	125347	124356	1057	0.0	NC_003521.1 Panine herpesvirus 2 strain Heberling, complete genome
NC_003521.1	87.042	710	2571	3275	136787	136080	795	0.0	NC_003521.1 Panine herpesvirus 2 strain Heberling, complete genome
NC_003521.1	81.085	682	8043	8718	130753	130078	534	7.06e-151	NC_003521.1 Panine herpesvirus 2 strain Heberling, complete genome
NC_033176.1	74.260	2467	9113	11556	118190	115749	994	0.0	NC_033176.1 Cynomolgus cytomegalovirus isolate 31908, complete genome
NC_033176.1	79.618	996	3813	4804	123097	122106	708	0.0	NC_033176.1 Cynomolgus cytomegalovirus isolate 31908, complete genome
